{
 "id": "14e79c0e-ea74-419d-bcdf-0f272f180170",
 "name": "Error",
 "message": "Undefined binding(s) detected when compiling FIRST query: select * from \"contatos\" where \"id\" = ? limit ?",
 "stack": "Error: Undefined binding(s) detected when compiling FIRST query: select * from \"contatos\" where \"id\" = ? limit ?\n    at QueryCompiler_PG.toSQL (/var/www/html/yaml-api-contato-nodejs/node_modules/knex/lib/query/compiler.js:111:13)\n    at Builder.toSQL (/var/www/html/yaml-api-contato-nodejs/node_modules/knex/lib/query/builder.js:70:44)\n    at /var/www/html/yaml-api-contato-nodejs/node_modules/knex/lib/runner.js:39:32\n    at tryCatcher (/var/www/html/yaml-api-contato-nodejs/node_modules/bluebird/js/release/util.js:16:23)\n    at /var/www/html/yaml-api-contato-nodejs/node_modules/bluebird/js/release/using.js:185:26\n    at tryCatcher (/var/www/html/yaml-api-contato-nodejs/node_modules/bluebird/js/release/util.js:16:23)\n    at Promise._settlePromiseFromHandler (/var/www/html/yaml-api-contato-nodejs/node_modules/bluebird/js/release/promise.js:517:31)\n    at Promise._settlePromise (/var/www/html/yaml-api-contato-nodejs/node_modules/bluebird/js/release/promise.js:574:18)\n    at Promise._settlePromise0 (/var/www/html/yaml-api-contato-nodejs/node_modules/bluebird/js/release/promise.js:619:10)\n    at Promise._settlePromises (/var/www/html/yaml-api-contato-nodejs/node_modules/bluebird/js/release/promise.js:699:18)\n    at Promise._fulfill (/var/www/html/yaml-api-contato-nodejs/node_modules/bluebird/js/release/promise.js:643:18)\n    at PromiseArray._resolve (/var/www/html/yaml-api-contato-nodejs/node_modules/bluebird/js/release/promise_array.js:126:19)\n    at PromiseArray._promiseFulfilled (/var/www/html/yaml-api-contato-nodejs/node_modules/bluebird/js/release/promise_array.js:144:14)\n    at Promise._settlePromise (/var/www/html/yaml-api-contato-nodejs/node_modules/bluebird/js/release/promise.js:579:26)\n    at Promise._settlePromise0 (/var/www/html/yaml-api-contato-nodejs/node_modules/bluebird/js/release/promise.js:619:10)\n    at Promise._settlePromises (/var/www/html/yaml-api-contato-nodejs/node_modules/bluebird/js/release/promise.js:699:18)",
 "level": "error",
 "timestamp": "2019-11-04T20:28:11.738Z"
}
{
 "id": "84ec8138-31d3-4c7f-9aab-4c7614bc6782",
 "name": "ReferenceError",
 "message": "id is not defined",
 "stack": "ReferenceError: id is not defined\n    at /var/www/html/yaml-api-contato-nodejs/src/routes/contatos.js:17:18\n    at Layer.handle [as handle_request] (/var/www/html/yaml-api-contato-nodejs/node_modules/router/lib/layer.js:102:15)\n    at next (/var/www/html/yaml-api-contato-nodejs/node_modules/router/lib/route.js:144:13)\n    at Route.dispatch (/var/www/html/yaml-api-contato-nodejs/node_modules/router/lib/route.js:109:3)\n    at handle (/var/www/html/yaml-api-contato-nodejs/node_modules/router/index.js:515:11)\n    at Layer.handle [as handle_request] (/var/www/html/yaml-api-contato-nodejs/node_modules/router/lib/layer.js:102:15)\n    at /var/www/html/yaml-api-contato-nodejs/node_modules/router/index.js:291:22\n    at param (/var/www/html/yaml-api-contato-nodejs/node_modules/router/index.js:368:14)\n    at param (/var/www/html/yaml-api-contato-nodejs/node_modules/router/index.js:379:14)\n    at Function.process_params (/var/www/html/yaml-api-contato-nodejs/node_modules/router/index.js:424:3)\n    at next (/var/www/html/yaml-api-contato-nodejs/node_modules/router/index.js:285:10)\n    at Function.handle (/var/www/html/yaml-api-contato-nodejs/node_modules/router/index.js:184:3)\n    at router (/var/www/html/yaml-api-contato-nodejs/node_modules/router/index.js:59:12)\n    at Layer.handle [as handle_request] (/var/www/html/yaml-api-contato-nodejs/node_modules/router/lib/layer.js:102:15)\n    at trim_prefix (/var/www/html/yaml-api-contato-nodejs/node_modules/router/index.js:330:13)\n    at /var/www/html/yaml-api-contato-nodejs/node_modules/router/index.js:294:7",
 "level": "error",
 "timestamp": "2019-11-04T20:30:09.208Z"
}
{
 "id": "d639c40c-a80a-4327-a206-cbd4401e8d75",
 "name": "ReferenceError",
 "message": "id is not defined",
 "stack": "ReferenceError: id is not defined\n    at /var/www/html/yaml-api-contato-nodejs/src/routes/contatos.js:21:19\n    at Layer.handle [as handle_request] (/var/www/html/yaml-api-contato-nodejs/node_modules/router/lib/layer.js:102:15)\n    at next (/var/www/html/yaml-api-contato-nodejs/node_modules/router/lib/route.js:144:13)\n    at Route.dispatch (/var/www/html/yaml-api-contato-nodejs/node_modules/router/lib/route.js:109:3)\n    at handle (/var/www/html/yaml-api-contato-nodejs/node_modules/router/index.js:515:11)\n    at Layer.handle [as handle_request] (/var/www/html/yaml-api-contato-nodejs/node_modules/router/lib/layer.js:102:15)\n    at /var/www/html/yaml-api-contato-nodejs/node_modules/router/index.js:291:22\n    at param (/var/www/html/yaml-api-contato-nodejs/node_modules/router/index.js:368:14)\n    at param (/var/www/html/yaml-api-contato-nodejs/node_modules/router/index.js:379:14)\n    at Function.process_params (/var/www/html/yaml-api-contato-nodejs/node_modules/router/index.js:424:3)\n    at next (/var/www/html/yaml-api-contato-nodejs/node_modules/router/index.js:285:10)\n    at Function.handle (/var/www/html/yaml-api-contato-nodejs/node_modules/router/index.js:184:3)\n    at router (/var/www/html/yaml-api-contato-nodejs/node_modules/router/index.js:59:12)\n    at Layer.handle [as handle_request] (/var/www/html/yaml-api-contato-nodejs/node_modules/router/lib/layer.js:102:15)\n    at trim_prefix (/var/www/html/yaml-api-contato-nodejs/node_modules/router/index.js:330:13)\n    at /var/www/html/yaml-api-contato-nodejs/node_modules/router/index.js:294:7",
 "level": "error",
 "timestamp": "2019-11-04T20:34:27.660Z"
}
{
 "id": "ab389cd4-f2ab-4e17-8b5e-a136649ac194",
 "name": "ReferenceError",
 "message": "id is not defined",
 "stack": "ReferenceError: id is not defined\n    at /var/www/html/yaml-api-contato-nodejs/src/routes/contatos.js:21:19\n    at Layer.handle [as handle_request] (/var/www/html/yaml-api-contato-nodejs/node_modules/router/lib/layer.js:102:15)\n    at next (/var/www/html/yaml-api-contato-nodejs/node_modules/router/lib/route.js:144:13)\n    at Route.dispatch (/var/www/html/yaml-api-contato-nodejs/node_modules/router/lib/route.js:109:3)\n    at handle (/var/www/html/yaml-api-contato-nodejs/node_modules/router/index.js:515:11)\n    at Layer.handle [as handle_request] (/var/www/html/yaml-api-contato-nodejs/node_modules/router/lib/layer.js:102:15)\n    at /var/www/html/yaml-api-contato-nodejs/node_modules/router/index.js:291:22\n    at param (/var/www/html/yaml-api-contato-nodejs/node_modules/router/index.js:368:14)\n    at param (/var/www/html/yaml-api-contato-nodejs/node_modules/router/index.js:379:14)\n    at Function.process_params (/var/www/html/yaml-api-contato-nodejs/node_modules/router/index.js:424:3)\n    at next (/var/www/html/yaml-api-contato-nodejs/node_modules/router/index.js:285:10)\n    at Function.handle (/var/www/html/yaml-api-contato-nodejs/node_modules/router/index.js:184:3)\n    at router (/var/www/html/yaml-api-contato-nodejs/node_modules/router/index.js:59:12)\n    at Layer.handle [as handle_request] (/var/www/html/yaml-api-contato-nodejs/node_modules/router/lib/layer.js:102:15)\n    at trim_prefix (/var/www/html/yaml-api-contato-nodejs/node_modules/router/index.js:330:13)\n    at /var/www/html/yaml-api-contato-nodejs/node_modules/router/index.js:294:7",
 "level": "error",
 "timestamp": "2019-11-04T20:37:02.286Z"
}
{
 "id": "db1687e2-67d7-4be6-b6b9-aa614401e1ea",
 "name": "ReferenceError",
 "message": "id is not defined",
 "stack": "ReferenceError: id is not defined\n    at /var/www/html/yaml-api-contato-nodejs/src/routes/contatos.js:21:19\n    at Layer.handle [as handle_request] (/var/www/html/yaml-api-contato-nodejs/node_modules/router/lib/layer.js:102:15)\n    at next (/var/www/html/yaml-api-contato-nodejs/node_modules/router/lib/route.js:144:13)\n    at Route.dispatch (/var/www/html/yaml-api-contato-nodejs/node_modules/router/lib/route.js:109:3)\n    at handle (/var/www/html/yaml-api-contato-nodejs/node_modules/router/index.js:515:11)\n    at Layer.handle [as handle_request] (/var/www/html/yaml-api-contato-nodejs/node_modules/router/lib/layer.js:102:15)\n    at /var/www/html/yaml-api-contato-nodejs/node_modules/router/index.js:291:22\n    at Function.process_params (/var/www/html/yaml-api-contato-nodejs/node_modules/router/index.js:349:12)\n    at next (/var/www/html/yaml-api-contato-nodejs/node_modules/router/index.js:285:10)\n    at Function.handle (/var/www/html/yaml-api-contato-nodejs/node_modules/router/index.js:184:3)\n    at router (/var/www/html/yaml-api-contato-nodejs/node_modules/router/index.js:59:12)\n    at Layer.handle [as handle_request] (/var/www/html/yaml-api-contato-nodejs/node_modules/router/lib/layer.js:102:15)\n    at trim_prefix (/var/www/html/yaml-api-contato-nodejs/node_modules/router/index.js:330:13)\n    at /var/www/html/yaml-api-contato-nodejs/node_modules/router/index.js:294:7\n    at Function.process_params (/var/www/html/yaml-api-contato-nodejs/node_modules/router/index.js:349:12)\n    at next (/var/www/html/yaml-api-contato-nodejs/node_modules/router/index.js:285:10)",
 "level": "error",
 "timestamp": "2019-11-04T20:37:20.032Z"
}
{
 "id": "da4745a4-fc06-4bd7-bc4c-c7e55008aaf8",
 "name": "ReferenceError",
 "message": "id is not defined",
 "stack": "ReferenceError: id is not defined\n    at /var/www/html/yaml-api-contato-nodejs/src/routes/contatos.js:21:19\n    at Layer.handle [as handle_request] (/var/www/html/yaml-api-contato-nodejs/node_modules/router/lib/layer.js:102:15)\n    at next (/var/www/html/yaml-api-contato-nodejs/node_modules/router/lib/route.js:144:13)\n    at Route.dispatch (/var/www/html/yaml-api-contato-nodejs/node_modules/router/lib/route.js:109:3)\n    at handle (/var/www/html/yaml-api-contato-nodejs/node_modules/router/index.js:515:11)\n    at Layer.handle [as handle_request] (/var/www/html/yaml-api-contato-nodejs/node_modules/router/lib/layer.js:102:15)\n    at /var/www/html/yaml-api-contato-nodejs/node_modules/router/index.js:291:22\n    at Function.process_params (/var/www/html/yaml-api-contato-nodejs/node_modules/router/index.js:349:12)\n    at next (/var/www/html/yaml-api-contato-nodejs/node_modules/router/index.js:285:10)\n    at Function.handle (/var/www/html/yaml-api-contato-nodejs/node_modules/router/index.js:184:3)\n    at router (/var/www/html/yaml-api-contato-nodejs/node_modules/router/index.js:59:12)\n    at Layer.handle [as handle_request] (/var/www/html/yaml-api-contato-nodejs/node_modules/router/lib/layer.js:102:15)\n    at trim_prefix (/var/www/html/yaml-api-contato-nodejs/node_modules/router/index.js:330:13)\n    at /var/www/html/yaml-api-contato-nodejs/node_modules/router/index.js:294:7\n    at Function.process_params (/var/www/html/yaml-api-contato-nodejs/node_modules/router/index.js:349:12)\n    at next (/var/www/html/yaml-api-contato-nodejs/node_modules/router/index.js:285:10)",
 "level": "error",
 "timestamp": "2019-11-04T20:38:30.718Z"
}
{
 "id": "2e7ab20a-9b2f-4283-813a-be09569b691f",
 "name": "ReferenceError",
 "message": "id is not defined",
 "stack": "ReferenceError: id is not defined\n    at /var/www/html/yaml-api-contato-nodejs/src/routes/contatos.js:21:19\n    at Layer.handle [as handle_request] (/var/www/html/yaml-api-contato-nodejs/node_modules/router/lib/layer.js:102:15)\n    at next (/var/www/html/yaml-api-contato-nodejs/node_modules/router/lib/route.js:144:13)\n    at Route.dispatch (/var/www/html/yaml-api-contato-nodejs/node_modules/router/lib/route.js:109:3)\n    at handle (/var/www/html/yaml-api-contato-nodejs/node_modules/router/index.js:515:11)\n    at Layer.handle [as handle_request] (/var/www/html/yaml-api-contato-nodejs/node_modules/router/lib/layer.js:102:15)\n    at /var/www/html/yaml-api-contato-nodejs/node_modules/router/index.js:291:22\n    at Function.process_params (/var/www/html/yaml-api-contato-nodejs/node_modules/router/index.js:349:12)\n    at next (/var/www/html/yaml-api-contato-nodejs/node_modules/router/index.js:285:10)\n    at Function.handle (/var/www/html/yaml-api-contato-nodejs/node_modules/router/index.js:184:3)\n    at router (/var/www/html/yaml-api-contato-nodejs/node_modules/router/index.js:59:12)\n    at Layer.handle [as handle_request] (/var/www/html/yaml-api-contato-nodejs/node_modules/router/lib/layer.js:102:15)\n    at trim_prefix (/var/www/html/yaml-api-contato-nodejs/node_modules/router/index.js:330:13)\n    at /var/www/html/yaml-api-contato-nodejs/node_modules/router/index.js:294:7\n    at Function.process_params (/var/www/html/yaml-api-contato-nodejs/node_modules/router/index.js:349:12)\n    at next (/var/www/html/yaml-api-contato-nodejs/node_modules/router/index.js:285:10)",
 "level": "error",
 "timestamp": "2019-11-04T20:39:24.746Z"
}
{
 "id": "528c99c1-fb68-45e0-bb37-a59932ae6da5",
 "name": "ReferenceError",
 "message": "id is not defined",
 "stack": "ReferenceError: id is not defined\n    at /var/www/html/yaml-api-contato-nodejs/src/routes/contatos.js:21:19\n    at Layer.handle [as handle_request] (/var/www/html/yaml-api-contato-nodejs/node_modules/router/lib/layer.js:102:15)\n    at next (/var/www/html/yaml-api-contato-nodejs/node_modules/router/lib/route.js:144:13)\n    at Route.dispatch (/var/www/html/yaml-api-contato-nodejs/node_modules/router/lib/route.js:109:3)\n    at handle (/var/www/html/yaml-api-contato-nodejs/node_modules/router/index.js:515:11)\n    at Layer.handle [as handle_request] (/var/www/html/yaml-api-contato-nodejs/node_modules/router/lib/layer.js:102:15)\n    at /var/www/html/yaml-api-contato-nodejs/node_modules/router/index.js:291:22\n    at Function.process_params (/var/www/html/yaml-api-contato-nodejs/node_modules/router/index.js:349:12)\n    at next (/var/www/html/yaml-api-contato-nodejs/node_modules/router/index.js:285:10)\n    at Function.handle (/var/www/html/yaml-api-contato-nodejs/node_modules/router/index.js:184:3)\n    at router (/var/www/html/yaml-api-contato-nodejs/node_modules/router/index.js:59:12)\n    at Layer.handle [as handle_request] (/var/www/html/yaml-api-contato-nodejs/node_modules/router/lib/layer.js:102:15)\n    at trim_prefix (/var/www/html/yaml-api-contato-nodejs/node_modules/router/index.js:330:13)\n    at /var/www/html/yaml-api-contato-nodejs/node_modules/router/index.js:294:7\n    at Function.process_params (/var/www/html/yaml-api-contato-nodejs/node_modules/router/index.js:349:12)\n    at next (/var/www/html/yaml-api-contato-nodejs/node_modules/router/index.js:285:10)",
 "level": "error",
 "timestamp": "2019-11-04T20:39:28.513Z"
}
{
 "id": "7a829e26-6a73-4806-b02c-801e5b0e1fe5",
 "name": "ReferenceError",
 "message": "id is not defined",
 "stack": "ReferenceError: id is not defined\n    at /var/www/html/yaml-api-contato-nodejs/src/routes/contatos.js:21:19\n    at Layer.handle [as handle_request] (/var/www/html/yaml-api-contato-nodejs/node_modules/router/lib/layer.js:102:15)\n    at next (/var/www/html/yaml-api-contato-nodejs/node_modules/router/lib/route.js:144:13)\n    at Route.dispatch (/var/www/html/yaml-api-contato-nodejs/node_modules/router/lib/route.js:109:3)\n    at handle (/var/www/html/yaml-api-contato-nodejs/node_modules/router/index.js:515:11)\n    at Layer.handle [as handle_request] (/var/www/html/yaml-api-contato-nodejs/node_modules/router/lib/layer.js:102:15)\n    at /var/www/html/yaml-api-contato-nodejs/node_modules/router/index.js:291:22\n    at Function.process_params (/var/www/html/yaml-api-contato-nodejs/node_modules/router/index.js:349:12)\n    at next (/var/www/html/yaml-api-contato-nodejs/node_modules/router/index.js:285:10)\n    at Function.handle (/var/www/html/yaml-api-contato-nodejs/node_modules/router/index.js:184:3)\n    at router (/var/www/html/yaml-api-contato-nodejs/node_modules/router/index.js:59:12)\n    at Layer.handle [as handle_request] (/var/www/html/yaml-api-contato-nodejs/node_modules/router/lib/layer.js:102:15)\n    at trim_prefix (/var/www/html/yaml-api-contato-nodejs/node_modules/router/index.js:330:13)\n    at /var/www/html/yaml-api-contato-nodejs/node_modules/router/index.js:294:7\n    at Function.process_params (/var/www/html/yaml-api-contato-nodejs/node_modules/router/index.js:349:12)\n    at next (/var/www/html/yaml-api-contato-nodejs/node_modules/router/index.js:285:10)",
 "level": "error",
 "timestamp": "2019-11-04T20:40:01.980Z"
}
{
 "id": "eee23d37-277f-4d65-acec-7d9d8f28f17a",
 "name": "ReferenceError",
 "message": "id is not defined",
 "stack": "ReferenceError: id is not defined\n    at /var/www/html/yaml-api-contato-nodejs/src/routes/contatos.js:21:19\n    at Layer.handle [as handle_request] (/var/www/html/yaml-api-contato-nodejs/node_modules/router/lib/layer.js:102:15)\n    at next (/var/www/html/yaml-api-contato-nodejs/node_modules/router/lib/route.js:144:13)\n    at Route.dispatch (/var/www/html/yaml-api-contato-nodejs/node_modules/router/lib/route.js:109:3)\n    at handle (/var/www/html/yaml-api-contato-nodejs/node_modules/router/index.js:515:11)\n    at Layer.handle [as handle_request] (/var/www/html/yaml-api-contato-nodejs/node_modules/router/lib/layer.js:102:15)\n    at /var/www/html/yaml-api-contato-nodejs/node_modules/router/index.js:291:22\n    at Function.process_params (/var/www/html/yaml-api-contato-nodejs/node_modules/router/index.js:349:12)\n    at next (/var/www/html/yaml-api-contato-nodejs/node_modules/router/index.js:285:10)\n    at Function.handle (/var/www/html/yaml-api-contato-nodejs/node_modules/router/index.js:184:3)\n    at router (/var/www/html/yaml-api-contato-nodejs/node_modules/router/index.js:59:12)\n    at Layer.handle [as handle_request] (/var/www/html/yaml-api-contato-nodejs/node_modules/router/lib/layer.js:102:15)\n    at trim_prefix (/var/www/html/yaml-api-contato-nodejs/node_modules/router/index.js:330:13)\n    at /var/www/html/yaml-api-contato-nodejs/node_modules/router/index.js:294:7\n    at Function.process_params (/var/www/html/yaml-api-contato-nodejs/node_modules/router/index.js:349:12)\n    at next (/var/www/html/yaml-api-contato-nodejs/node_modules/router/index.js:285:10)",
 "level": "error",
 "timestamp": "2019-11-04T20:40:15.277Z"
}
{
 "id": "2ae40948-fc29-49e3-9c62-4a0a2bb01852",
 "name": "ReferenceError",
 "message": "id is not defined",
 "stack": "ReferenceError: id is not defined\n    at /var/www/html/yaml-api-contato-nodejs/src/routes/contatos.js:21:19\n    at Layer.handle [as handle_request] (/var/www/html/yaml-api-contato-nodejs/node_modules/router/lib/layer.js:102:15)\n    at next (/var/www/html/yaml-api-contato-nodejs/node_modules/router/lib/route.js:144:13)\n    at Route.dispatch (/var/www/html/yaml-api-contato-nodejs/node_modules/router/lib/route.js:109:3)\n    at handle (/var/www/html/yaml-api-contato-nodejs/node_modules/router/index.js:515:11)\n    at Layer.handle [as handle_request] (/var/www/html/yaml-api-contato-nodejs/node_modules/router/lib/layer.js:102:15)\n    at /var/www/html/yaml-api-contato-nodejs/node_modules/router/index.js:291:22\n    at Function.process_params (/var/www/html/yaml-api-contato-nodejs/node_modules/router/index.js:349:12)\n    at next (/var/www/html/yaml-api-contato-nodejs/node_modules/router/index.js:285:10)\n    at Function.handle (/var/www/html/yaml-api-contato-nodejs/node_modules/router/index.js:184:3)\n    at router (/var/www/html/yaml-api-contato-nodejs/node_modules/router/index.js:59:12)\n    at Layer.handle [as handle_request] (/var/www/html/yaml-api-contato-nodejs/node_modules/router/lib/layer.js:102:15)\n    at trim_prefix (/var/www/html/yaml-api-contato-nodejs/node_modules/router/index.js:330:13)\n    at /var/www/html/yaml-api-contato-nodejs/node_modules/router/index.js:294:7\n    at Function.process_params (/var/www/html/yaml-api-contato-nodejs/node_modules/router/index.js:349:12)\n    at next (/var/www/html/yaml-api-contato-nodejs/node_modules/router/index.js:285:10)",
 "level": "error",
 "timestamp": "2019-11-04T20:40:15.969Z"
}
{
 "id": "d8c1b84f-82ce-4c77-b0dc-09e651f70014",
 "name": "ReferenceError",
 "message": "id is not defined",
 "stack": "ReferenceError: id is not defined\n    at /var/www/html/yaml-api-contato-nodejs/src/routes/contatos.js:21:19\n    at Layer.handle [as handle_request] (/var/www/html/yaml-api-contato-nodejs/node_modules/router/lib/layer.js:102:15)\n    at next (/var/www/html/yaml-api-contato-nodejs/node_modules/router/lib/route.js:144:13)\n    at Route.dispatch (/var/www/html/yaml-api-contato-nodejs/node_modules/router/lib/route.js:109:3)\n    at handle (/var/www/html/yaml-api-contato-nodejs/node_modules/router/index.js:515:11)\n    at Layer.handle [as handle_request] (/var/www/html/yaml-api-contato-nodejs/node_modules/router/lib/layer.js:102:15)\n    at /var/www/html/yaml-api-contato-nodejs/node_modules/router/index.js:291:22\n    at param (/var/www/html/yaml-api-contato-nodejs/node_modules/router/index.js:368:14)\n    at param (/var/www/html/yaml-api-contato-nodejs/node_modules/router/index.js:379:14)\n    at Function.process_params (/var/www/html/yaml-api-contato-nodejs/node_modules/router/index.js:424:3)\n    at next (/var/www/html/yaml-api-contato-nodejs/node_modules/router/index.js:285:10)\n    at Function.handle (/var/www/html/yaml-api-contato-nodejs/node_modules/router/index.js:184:3)\n    at router (/var/www/html/yaml-api-contato-nodejs/node_modules/router/index.js:59:12)\n    at Layer.handle [as handle_request] (/var/www/html/yaml-api-contato-nodejs/node_modules/router/lib/layer.js:102:15)\n    at trim_prefix (/var/www/html/yaml-api-contato-nodejs/node_modules/router/index.js:330:13)\n    at /var/www/html/yaml-api-contato-nodejs/node_modules/router/index.js:294:7",
 "level": "error",
 "timestamp": "2019-11-04T20:45:03.188Z"
}
{
 "id": "a40ea0b6-cf2f-4de1-b1a3-e6bcdf00097e",
 "name": "ReferenceError",
 "message": "id is not defined",
 "stack": "ReferenceError: id is not defined\n    at /var/www/html/yaml-api-contato-nodejs/src/routes/contatos.js:21:19\n    at Layer.handle [as handle_request] (/var/www/html/yaml-api-contato-nodejs/node_modules/router/lib/layer.js:102:15)\n    at next (/var/www/html/yaml-api-contato-nodejs/node_modules/router/lib/route.js:144:13)\n    at Route.dispatch (/var/www/html/yaml-api-contato-nodejs/node_modules/router/lib/route.js:109:3)\n    at handle (/var/www/html/yaml-api-contato-nodejs/node_modules/router/index.js:515:11)\n    at Layer.handle [as handle_request] (/var/www/html/yaml-api-contato-nodejs/node_modules/router/lib/layer.js:102:15)\n    at /var/www/html/yaml-api-contato-nodejs/node_modules/router/index.js:291:22\n    at param (/var/www/html/yaml-api-contato-nodejs/node_modules/router/index.js:368:14)\n    at param (/var/www/html/yaml-api-contato-nodejs/node_modules/router/index.js:379:14)\n    at Function.process_params (/var/www/html/yaml-api-contato-nodejs/node_modules/router/index.js:424:3)\n    at next (/var/www/html/yaml-api-contato-nodejs/node_modules/router/index.js:285:10)\n    at Function.handle (/var/www/html/yaml-api-contato-nodejs/node_modules/router/index.js:184:3)\n    at router (/var/www/html/yaml-api-contato-nodejs/node_modules/router/index.js:59:12)\n    at Layer.handle [as handle_request] (/var/www/html/yaml-api-contato-nodejs/node_modules/router/lib/layer.js:102:15)\n    at trim_prefix (/var/www/html/yaml-api-contato-nodejs/node_modules/router/index.js:330:13)\n    at /var/www/html/yaml-api-contato-nodejs/node_modules/router/index.js:294:7",
 "level": "error",
 "timestamp": "2019-11-04T20:48:05.494Z"
}
{
 "id": "f44352a0-4611-4780-8299-93f2068f0591",
 "name": "ReferenceError",
 "message": "id is not defined",
 "stack": "ReferenceError: id is not defined\n    at /var/www/html/yaml-api-contato-nodejs/src/routes/contatos.js:21:19\n    at Layer.handle [as handle_request] (/var/www/html/yaml-api-contato-nodejs/node_modules/router/lib/layer.js:102:15)\n    at next (/var/www/html/yaml-api-contato-nodejs/node_modules/router/lib/route.js:144:13)\n    at Route.dispatch (/var/www/html/yaml-api-contato-nodejs/node_modules/router/lib/route.js:109:3)\n    at handle (/var/www/html/yaml-api-contato-nodejs/node_modules/router/index.js:515:11)\n    at Layer.handle [as handle_request] (/var/www/html/yaml-api-contato-nodejs/node_modules/router/lib/layer.js:102:15)\n    at /var/www/html/yaml-api-contato-nodejs/node_modules/router/index.js:291:22\n    at param (/var/www/html/yaml-api-contato-nodejs/node_modules/router/index.js:368:14)\n    at param (/var/www/html/yaml-api-contato-nodejs/node_modules/router/index.js:379:14)\n    at Function.process_params (/var/www/html/yaml-api-contato-nodejs/node_modules/router/index.js:424:3)\n    at next (/var/www/html/yaml-api-contato-nodejs/node_modules/router/index.js:285:10)\n    at Function.handle (/var/www/html/yaml-api-contato-nodejs/node_modules/router/index.js:184:3)\n    at router (/var/www/html/yaml-api-contato-nodejs/node_modules/router/index.js:59:12)\n    at Layer.handle [as handle_request] (/var/www/html/yaml-api-contato-nodejs/node_modules/router/lib/layer.js:102:15)\n    at trim_prefix (/var/www/html/yaml-api-contato-nodejs/node_modules/router/index.js:330:13)\n    at /var/www/html/yaml-api-contato-nodejs/node_modules/router/index.js:294:7",
 "level": "error",
 "timestamp": "2019-11-04T20:48:21.822Z"
}
{
 "id": "b420730f-5d87-4f0a-bc34-6d6fe7a6bca2",
 "name": "ReferenceError",
 "message": "id is not defined",
 "stack": "ReferenceError: id is not defined\n    at /var/www/html/yaml-api-contato-nodejs/src/routes/contatos.js:20:19\n    at Layer.handle [as handle_request] (/var/www/html/yaml-api-contato-nodejs/node_modules/router/lib/layer.js:102:15)\n    at next (/var/www/html/yaml-api-contato-nodejs/node_modules/router/lib/route.js:144:13)\n    at Route.dispatch (/var/www/html/yaml-api-contato-nodejs/node_modules/router/lib/route.js:109:3)\n    at handle (/var/www/html/yaml-api-contato-nodejs/node_modules/router/index.js:515:11)\n    at Layer.handle [as handle_request] (/var/www/html/yaml-api-contato-nodejs/node_modules/router/lib/layer.js:102:15)\n    at /var/www/html/yaml-api-contato-nodejs/node_modules/router/index.js:291:22\n    at param (/var/www/html/yaml-api-contato-nodejs/node_modules/router/index.js:368:14)\n    at param (/var/www/html/yaml-api-contato-nodejs/node_modules/router/index.js:379:14)\n    at Function.process_params (/var/www/html/yaml-api-contato-nodejs/node_modules/router/index.js:424:3)\n    at next (/var/www/html/yaml-api-contato-nodejs/node_modules/router/index.js:285:10)\n    at Function.handle (/var/www/html/yaml-api-contato-nodejs/node_modules/router/index.js:184:3)\n    at router (/var/www/html/yaml-api-contato-nodejs/node_modules/router/index.js:59:12)\n    at Layer.handle [as handle_request] (/var/www/html/yaml-api-contato-nodejs/node_modules/router/lib/layer.js:102:15)\n    at trim_prefix (/var/www/html/yaml-api-contato-nodejs/node_modules/router/index.js:330:13)\n    at /var/www/html/yaml-api-contato-nodejs/node_modules/router/index.js:294:7",
 "level": "error",
 "timestamp": "2019-11-04T20:48:58.860Z"
}
{
 "id": "5cef1702-5152-4753-829a-de38a673e6d7",
 "name": "ReferenceError",
 "message": "id is not defined",
 "stack": "ReferenceError: id is not defined\n    at /var/www/html/yaml-api-contato-nodejs/src/routes/contatos.js:20:19\n    at Layer.handle [as handle_request] (/var/www/html/yaml-api-contato-nodejs/node_modules/router/lib/layer.js:102:15)\n    at next (/var/www/html/yaml-api-contato-nodejs/node_modules/router/lib/route.js:144:13)\n    at Route.dispatch (/var/www/html/yaml-api-contato-nodejs/node_modules/router/lib/route.js:109:3)\n    at handle (/var/www/html/yaml-api-contato-nodejs/node_modules/router/index.js:515:11)\n    at Layer.handle [as handle_request] (/var/www/html/yaml-api-contato-nodejs/node_modules/router/lib/layer.js:102:15)\n    at /var/www/html/yaml-api-contato-nodejs/node_modules/router/index.js:291:22\n    at param (/var/www/html/yaml-api-contato-nodejs/node_modules/router/index.js:368:14)\n    at param (/var/www/html/yaml-api-contato-nodejs/node_modules/router/index.js:379:14)\n    at Function.process_params (/var/www/html/yaml-api-contato-nodejs/node_modules/router/index.js:424:3)\n    at next (/var/www/html/yaml-api-contato-nodejs/node_modules/router/index.js:285:10)\n    at Function.handle (/var/www/html/yaml-api-contato-nodejs/node_modules/router/index.js:184:3)\n    at router (/var/www/html/yaml-api-contato-nodejs/node_modules/router/index.js:59:12)\n    at Layer.handle [as handle_request] (/var/www/html/yaml-api-contato-nodejs/node_modules/router/lib/layer.js:102:15)\n    at trim_prefix (/var/www/html/yaml-api-contato-nodejs/node_modules/router/index.js:330:13)\n    at /var/www/html/yaml-api-contato-nodejs/node_modules/router/index.js:294:7",
 "level": "error",
 "timestamp": "2019-11-04T20:49:23.485Z"
}
{
 "id": "a959c201-4227-4fb3-9c92-21082b37feee",
 "name": "ReferenceError",
 "message": "id is not defined",
 "stack": "ReferenceError: id is not defined\n    at /var/www/html/yaml-api-contato-nodejs/src/routes/contatos.js:20:19\n    at Layer.handle [as handle_request] (/var/www/html/yaml-api-contato-nodejs/node_modules/router/lib/layer.js:102:15)\n    at next (/var/www/html/yaml-api-contato-nodejs/node_modules/router/lib/route.js:144:13)\n    at Route.dispatch (/var/www/html/yaml-api-contato-nodejs/node_modules/router/lib/route.js:109:3)\n    at handle (/var/www/html/yaml-api-contato-nodejs/node_modules/router/index.js:515:11)\n    at Layer.handle [as handle_request] (/var/www/html/yaml-api-contato-nodejs/node_modules/router/lib/layer.js:102:15)\n    at /var/www/html/yaml-api-contato-nodejs/node_modules/router/index.js:291:22\n    at param (/var/www/html/yaml-api-contato-nodejs/node_modules/router/index.js:368:14)\n    at param (/var/www/html/yaml-api-contato-nodejs/node_modules/router/index.js:379:14)\n    at Function.process_params (/var/www/html/yaml-api-contato-nodejs/node_modules/router/index.js:424:3)\n    at next (/var/www/html/yaml-api-contato-nodejs/node_modules/router/index.js:285:10)\n    at Function.handle (/var/www/html/yaml-api-contato-nodejs/node_modules/router/index.js:184:3)\n    at router (/var/www/html/yaml-api-contato-nodejs/node_modules/router/index.js:59:12)\n    at Layer.handle [as handle_request] (/var/www/html/yaml-api-contato-nodejs/node_modules/router/lib/layer.js:102:15)\n    at trim_prefix (/var/www/html/yaml-api-contato-nodejs/node_modules/router/index.js:330:13)\n    at /var/www/html/yaml-api-contato-nodejs/node_modules/router/index.js:294:7",
 "level": "error",
 "timestamp": "2019-11-04T20:50:11.188Z"
}
{
 "id": "ffeceef0-2562-4f41-8c07-0b732a31cee5",
 "name": "ReferenceError",
 "message": "id is not defined",
 "stack": "ReferenceError: id is not defined\n    at /var/www/html/yaml-api-contato-nodejs/src/routes/contatos.js:20:19\n    at Layer.handle [as handle_request] (/var/www/html/yaml-api-contato-nodejs/node_modules/router/lib/layer.js:102:15)\n    at next (/var/www/html/yaml-api-contato-nodejs/node_modules/router/lib/route.js:144:13)\n    at Route.dispatch (/var/www/html/yaml-api-contato-nodejs/node_modules/router/lib/route.js:109:3)\n    at handle (/var/www/html/yaml-api-contato-nodejs/node_modules/router/index.js:515:11)\n    at Layer.handle [as handle_request] (/var/www/html/yaml-api-contato-nodejs/node_modules/router/lib/layer.js:102:15)\n    at /var/www/html/yaml-api-contato-nodejs/node_modules/router/index.js:291:22\n    at param (/var/www/html/yaml-api-contato-nodejs/node_modules/router/index.js:368:14)\n    at param (/var/www/html/yaml-api-contato-nodejs/node_modules/router/index.js:379:14)\n    at Function.process_params (/var/www/html/yaml-api-contato-nodejs/node_modules/router/index.js:424:3)\n    at next (/var/www/html/yaml-api-contato-nodejs/node_modules/router/index.js:285:10)\n    at Function.handle (/var/www/html/yaml-api-contato-nodejs/node_modules/router/index.js:184:3)\n    at router (/var/www/html/yaml-api-contato-nodejs/node_modules/router/index.js:59:12)\n    at Layer.handle [as handle_request] (/var/www/html/yaml-api-contato-nodejs/node_modules/router/lib/layer.js:102:15)\n    at trim_prefix (/var/www/html/yaml-api-contato-nodejs/node_modules/router/index.js:330:13)\n    at /var/www/html/yaml-api-contato-nodejs/node_modules/router/index.js:294:7",
 "level": "error",
 "timestamp": "2019-11-04T20:50:31.029Z"
}
{
 "id": "f0eddc2f-7b51-4641-bb25-d4f60b5b5b3b",
 "name": "ReferenceError",
 "message": "id is not defined",
 "stack": "ReferenceError: id is not defined\n    at /var/www/html/yaml-api-contato-nodejs/src/routes/contatos.js:20:19\n    at Layer.handle [as handle_request] (/var/www/html/yaml-api-contato-nodejs/node_modules/router/lib/layer.js:102:15)\n    at next (/var/www/html/yaml-api-contato-nodejs/node_modules/router/lib/route.js:144:13)\n    at Route.dispatch (/var/www/html/yaml-api-contato-nodejs/node_modules/router/lib/route.js:109:3)\n    at handle (/var/www/html/yaml-api-contato-nodejs/node_modules/router/index.js:515:11)\n    at Layer.handle [as handle_request] (/var/www/html/yaml-api-contato-nodejs/node_modules/router/lib/layer.js:102:15)\n    at /var/www/html/yaml-api-contato-nodejs/node_modules/router/index.js:291:22\n    at param (/var/www/html/yaml-api-contato-nodejs/node_modules/router/index.js:368:14)\n    at param (/var/www/html/yaml-api-contato-nodejs/node_modules/router/index.js:379:14)\n    at Function.process_params (/var/www/html/yaml-api-contato-nodejs/node_modules/router/index.js:424:3)\n    at next (/var/www/html/yaml-api-contato-nodejs/node_modules/router/index.js:285:10)\n    at Function.handle (/var/www/html/yaml-api-contato-nodejs/node_modules/router/index.js:184:3)\n    at router (/var/www/html/yaml-api-contato-nodejs/node_modules/router/index.js:59:12)\n    at Layer.handle [as handle_request] (/var/www/html/yaml-api-contato-nodejs/node_modules/router/lib/layer.js:102:15)\n    at trim_prefix (/var/www/html/yaml-api-contato-nodejs/node_modules/router/index.js:330:13)\n    at /var/www/html/yaml-api-contato-nodejs/node_modules/router/index.js:294:7",
 "level": "error",
 "timestamp": "2019-11-04T20:50:31.660Z"
}
{
 "id": "982b8919-b145-4294-a717-9054be38345b",
 "name": "ReferenceError",
 "message": "id is not defined",
 "stack": "ReferenceError: id is not defined\n    at /var/www/html/yaml-api-contato-nodejs/src/routes/contatos.js:20:19\n    at Layer.handle [as handle_request] (/var/www/html/yaml-api-contato-nodejs/node_modules/router/lib/layer.js:102:15)\n    at next (/var/www/html/yaml-api-contato-nodejs/node_modules/router/lib/route.js:144:13)\n    at Route.dispatch (/var/www/html/yaml-api-contato-nodejs/node_modules/router/lib/route.js:109:3)\n    at handle (/var/www/html/yaml-api-contato-nodejs/node_modules/router/index.js:515:11)\n    at Layer.handle [as handle_request] (/var/www/html/yaml-api-contato-nodejs/node_modules/router/lib/layer.js:102:15)\n    at /var/www/html/yaml-api-contato-nodejs/node_modules/router/index.js:291:22\n    at param (/var/www/html/yaml-api-contato-nodejs/node_modules/router/index.js:368:14)\n    at param (/var/www/html/yaml-api-contato-nodejs/node_modules/router/index.js:379:14)\n    at Function.process_params (/var/www/html/yaml-api-contato-nodejs/node_modules/router/index.js:424:3)\n    at next (/var/www/html/yaml-api-contato-nodejs/node_modules/router/index.js:285:10)\n    at Function.handle (/var/www/html/yaml-api-contato-nodejs/node_modules/router/index.js:184:3)\n    at router (/var/www/html/yaml-api-contato-nodejs/node_modules/router/index.js:59:12)\n    at Layer.handle [as handle_request] (/var/www/html/yaml-api-contato-nodejs/node_modules/router/lib/layer.js:102:15)\n    at trim_prefix (/var/www/html/yaml-api-contato-nodejs/node_modules/router/index.js:330:13)\n    at /var/www/html/yaml-api-contato-nodejs/node_modules/router/index.js:294:7",
 "level": "error",
 "timestamp": "2019-11-04T20:51:25.748Z"
}
{
 "id": "8d594fba-34cf-45ae-8196-c9c109ff4114",
 "name": "ReferenceError",
 "message": "id is not defined",
 "stack": "ReferenceError: id is not defined\n    at /var/www/html/yaml-api-contato-nodejs/src/routes/contatos.js:20:19\n    at Layer.handle [as handle_request] (/var/www/html/yaml-api-contato-nodejs/node_modules/router/lib/layer.js:102:15)\n    at next (/var/www/html/yaml-api-contato-nodejs/node_modules/router/lib/route.js:144:13)\n    at Route.dispatch (/var/www/html/yaml-api-contato-nodejs/node_modules/router/lib/route.js:109:3)\n    at handle (/var/www/html/yaml-api-contato-nodejs/node_modules/router/index.js:515:11)\n    at Layer.handle [as handle_request] (/var/www/html/yaml-api-contato-nodejs/node_modules/router/lib/layer.js:102:15)\n    at /var/www/html/yaml-api-contato-nodejs/node_modules/router/index.js:291:22\n    at param (/var/www/html/yaml-api-contato-nodejs/node_modules/router/index.js:368:14)\n    at param (/var/www/html/yaml-api-contato-nodejs/node_modules/router/index.js:379:14)\n    at Function.process_params (/var/www/html/yaml-api-contato-nodejs/node_modules/router/index.js:424:3)\n    at next (/var/www/html/yaml-api-contato-nodejs/node_modules/router/index.js:285:10)\n    at Function.handle (/var/www/html/yaml-api-contato-nodejs/node_modules/router/index.js:184:3)\n    at router (/var/www/html/yaml-api-contato-nodejs/node_modules/router/index.js:59:12)\n    at Layer.handle [as handle_request] (/var/www/html/yaml-api-contato-nodejs/node_modules/router/lib/layer.js:102:15)\n    at trim_prefix (/var/www/html/yaml-api-contato-nodejs/node_modules/router/index.js:330:13)\n    at /var/www/html/yaml-api-contato-nodejs/node_modules/router/index.js:294:7",
 "level": "error",
 "timestamp": "2019-11-04T20:52:27.823Z"
}
{
 "id": "2c8f2d0b-bdc0-4757-8107-55ecf54c59ac",
 "name": "ReferenceError",
 "message": "id is not defined",
 "stack": "ReferenceError: id is not defined\n    at /var/www/html/yaml-api-contato-nodejs/src/routes/contatos.js:20:19\n    at Layer.handle [as handle_request] (/var/www/html/yaml-api-contato-nodejs/node_modules/router/lib/layer.js:102:15)\n    at next (/var/www/html/yaml-api-contato-nodejs/node_modules/router/lib/route.js:144:13)\n    at Route.dispatch (/var/www/html/yaml-api-contato-nodejs/node_modules/router/lib/route.js:109:3)\n    at handle (/var/www/html/yaml-api-contato-nodejs/node_modules/router/index.js:515:11)\n    at Layer.handle [as handle_request] (/var/www/html/yaml-api-contato-nodejs/node_modules/router/lib/layer.js:102:15)\n    at /var/www/html/yaml-api-contato-nodejs/node_modules/router/index.js:291:22\n    at param (/var/www/html/yaml-api-contato-nodejs/node_modules/router/index.js:368:14)\n    at param (/var/www/html/yaml-api-contato-nodejs/node_modules/router/index.js:379:14)\n    at Function.process_params (/var/www/html/yaml-api-contato-nodejs/node_modules/router/index.js:424:3)\n    at next (/var/www/html/yaml-api-contato-nodejs/node_modules/router/index.js:285:10)\n    at Function.handle (/var/www/html/yaml-api-contato-nodejs/node_modules/router/index.js:184:3)\n    at router (/var/www/html/yaml-api-contato-nodejs/node_modules/router/index.js:59:12)\n    at Layer.handle [as handle_request] (/var/www/html/yaml-api-contato-nodejs/node_modules/router/lib/layer.js:102:15)\n    at trim_prefix (/var/www/html/yaml-api-contato-nodejs/node_modules/router/index.js:330:13)\n    at /var/www/html/yaml-api-contato-nodejs/node_modules/router/index.js:294:7",
 "level": "error",
 "timestamp": "2019-11-04T20:52:35.363Z"
}
{
 "id": "48ad57ea-88ab-4ece-b9c4-92f6848bd640",
 "name": "ReferenceError",
 "message": "id is not defined",
 "stack": "ReferenceError: id is not defined\n    at /var/www/html/yaml-api-contato-nodejs/src/routes/contatos.js:20:19\n    at Layer.handle [as handle_request] (/var/www/html/yaml-api-contato-nodejs/node_modules/router/lib/layer.js:102:15)\n    at next (/var/www/html/yaml-api-contato-nodejs/node_modules/router/lib/route.js:144:13)\n    at Route.dispatch (/var/www/html/yaml-api-contato-nodejs/node_modules/router/lib/route.js:109:3)\n    at handle (/var/www/html/yaml-api-contato-nodejs/node_modules/router/index.js:515:11)\n    at Layer.handle [as handle_request] (/var/www/html/yaml-api-contato-nodejs/node_modules/router/lib/layer.js:102:15)\n    at /var/www/html/yaml-api-contato-nodejs/node_modules/router/index.js:291:22\n    at param (/var/www/html/yaml-api-contato-nodejs/node_modules/router/index.js:368:14)\n    at param (/var/www/html/yaml-api-contato-nodejs/node_modules/router/index.js:379:14)\n    at Function.process_params (/var/www/html/yaml-api-contato-nodejs/node_modules/router/index.js:424:3)\n    at next (/var/www/html/yaml-api-contato-nodejs/node_modules/router/index.js:285:10)\n    at Function.handle (/var/www/html/yaml-api-contato-nodejs/node_modules/router/index.js:184:3)\n    at router (/var/www/html/yaml-api-contato-nodejs/node_modules/router/index.js:59:12)\n    at Layer.handle [as handle_request] (/var/www/html/yaml-api-contato-nodejs/node_modules/router/lib/layer.js:102:15)\n    at trim_prefix (/var/www/html/yaml-api-contato-nodejs/node_modules/router/index.js:330:13)\n    at /var/www/html/yaml-api-contato-nodejs/node_modules/router/index.js:294:7",
 "level": "error",
 "timestamp": "2019-11-04T21:01:26.648Z"
}
{
 "id": "b070194d-8b1f-48d2-a90d-bfddf3d0bde3",
 "name": "ReferenceError",
 "message": "id is not defined",
 "stack": "ReferenceError: id is not defined\n    at /var/www/html/yaml-api-contato-nodejs/src/routes/contatos.js:20:19\n    at Layer.handle [as handle_request] (/var/www/html/yaml-api-contato-nodejs/node_modules/router/lib/layer.js:102:15)\n    at next (/var/www/html/yaml-api-contato-nodejs/node_modules/router/lib/route.js:144:13)\n    at Route.dispatch (/var/www/html/yaml-api-contato-nodejs/node_modules/router/lib/route.js:109:3)\n    at handle (/var/www/html/yaml-api-contato-nodejs/node_modules/router/index.js:515:11)\n    at Layer.handle [as handle_request] (/var/www/html/yaml-api-contato-nodejs/node_modules/router/lib/layer.js:102:15)\n    at /var/www/html/yaml-api-contato-nodejs/node_modules/router/index.js:291:22\n    at param (/var/www/html/yaml-api-contato-nodejs/node_modules/router/index.js:368:14)\n    at param (/var/www/html/yaml-api-contato-nodejs/node_modules/router/index.js:379:14)\n    at Function.process_params (/var/www/html/yaml-api-contato-nodejs/node_modules/router/index.js:424:3)\n    at next (/var/www/html/yaml-api-contato-nodejs/node_modules/router/index.js:285:10)\n    at Function.handle (/var/www/html/yaml-api-contato-nodejs/node_modules/router/index.js:184:3)\n    at router (/var/www/html/yaml-api-contato-nodejs/node_modules/router/index.js:59:12)\n    at Layer.handle [as handle_request] (/var/www/html/yaml-api-contato-nodejs/node_modules/router/lib/layer.js:102:15)\n    at trim_prefix (/var/www/html/yaml-api-contato-nodejs/node_modules/router/index.js:330:13)\n    at /var/www/html/yaml-api-contato-nodejs/node_modules/router/index.js:294:7",
 "level": "error",
 "timestamp": "2019-11-04T21:02:16.945Z"
}
{
 "id": "93a19ac0-63fc-4460-9a6d-88c02f9fe713",
 "name": "ReferenceError",
 "message": "id is not defined",
 "stack": "ReferenceError: id is not defined\n    at /var/www/html/yaml-api-contato-nodejs/src/routes/contatos.js:20:19\n    at Layer.handle [as handle_request] (/var/www/html/yaml-api-contato-nodejs/node_modules/router/lib/layer.js:102:15)\n    at next (/var/www/html/yaml-api-contato-nodejs/node_modules/router/lib/route.js:144:13)\n    at Route.dispatch (/var/www/html/yaml-api-contato-nodejs/node_modules/router/lib/route.js:109:3)\n    at handle (/var/www/html/yaml-api-contato-nodejs/node_modules/router/index.js:515:11)\n    at Layer.handle [as handle_request] (/var/www/html/yaml-api-contato-nodejs/node_modules/router/lib/layer.js:102:15)\n    at /var/www/html/yaml-api-contato-nodejs/node_modules/router/index.js:291:22\n    at param (/var/www/html/yaml-api-contato-nodejs/node_modules/router/index.js:368:14)\n    at param (/var/www/html/yaml-api-contato-nodejs/node_modules/router/index.js:379:14)\n    at Function.process_params (/var/www/html/yaml-api-contato-nodejs/node_modules/router/index.js:424:3)\n    at next (/var/www/html/yaml-api-contato-nodejs/node_modules/router/index.js:285:10)\n    at Function.handle (/var/www/html/yaml-api-contato-nodejs/node_modules/router/index.js:184:3)\n    at router (/var/www/html/yaml-api-contato-nodejs/node_modules/router/index.js:59:12)\n    at Layer.handle [as handle_request] (/var/www/html/yaml-api-contato-nodejs/node_modules/router/lib/layer.js:102:15)\n    at trim_prefix (/var/www/html/yaml-api-contato-nodejs/node_modules/router/index.js:330:13)\n    at /var/www/html/yaml-api-contato-nodejs/node_modules/router/index.js:294:7",
 "level": "error",
 "timestamp": "2019-11-04T21:02:17.639Z"
}
{
 "id": "929be672-5872-4102-ac1d-3d5eab215dbe",
 "name": "ReferenceError",
 "message": "id is not defined",
 "stack": "ReferenceError: id is not defined\n    at /var/www/html/yaml-api-contato-nodejs/src/routes/contatos.js:20:19\n    at Layer.handle [as handle_request] (/var/www/html/yaml-api-contato-nodejs/node_modules/router/lib/layer.js:102:15)\n    at next (/var/www/html/yaml-api-contato-nodejs/node_modules/router/lib/route.js:144:13)\n    at Route.dispatch (/var/www/html/yaml-api-contato-nodejs/node_modules/router/lib/route.js:109:3)\n    at handle (/var/www/html/yaml-api-contato-nodejs/node_modules/router/index.js:515:11)\n    at Layer.handle [as handle_request] (/var/www/html/yaml-api-contato-nodejs/node_modules/router/lib/layer.js:102:15)\n    at /var/www/html/yaml-api-contato-nodejs/node_modules/router/index.js:291:22\n    at param (/var/www/html/yaml-api-contato-nodejs/node_modules/router/index.js:368:14)\n    at param (/var/www/html/yaml-api-contato-nodejs/node_modules/router/index.js:379:14)\n    at Function.process_params (/var/www/html/yaml-api-contato-nodejs/node_modules/router/index.js:424:3)\n    at next (/var/www/html/yaml-api-contato-nodejs/node_modules/router/index.js:285:10)\n    at Function.handle (/var/www/html/yaml-api-contato-nodejs/node_modules/router/index.js:184:3)\n    at router (/var/www/html/yaml-api-contato-nodejs/node_modules/router/index.js:59:12)\n    at Layer.handle [as handle_request] (/var/www/html/yaml-api-contato-nodejs/node_modules/router/lib/layer.js:102:15)\n    at trim_prefix (/var/www/html/yaml-api-contato-nodejs/node_modules/router/index.js:330:13)\n    at /var/www/html/yaml-api-contato-nodejs/node_modules/router/index.js:294:7",
 "level": "error",
 "timestamp": "2019-11-04T21:02:23.076Z"
}
{
 "id": "f401e787-1c0b-4062-bf8a-bade611c6604",
 "name": "TypeError",
 "message": "console is not a function",
 "stack": "TypeError: console is not a function\n    at /var/www/html/yaml-api-contato-nodejs/src/routes/contatos.js:17:5\n    at Layer.handle [as handle_request] (/var/www/html/yaml-api-contato-nodejs/node_modules/router/lib/layer.js:102:15)\n    at next (/var/www/html/yaml-api-contato-nodejs/node_modules/router/lib/route.js:144:13)\n    at Route.dispatch (/var/www/html/yaml-api-contato-nodejs/node_modules/router/lib/route.js:109:3)\n    at handle (/var/www/html/yaml-api-contato-nodejs/node_modules/router/index.js:515:11)\n    at Layer.handle [as handle_request] (/var/www/html/yaml-api-contato-nodejs/node_modules/router/lib/layer.js:102:15)\n    at /var/www/html/yaml-api-contato-nodejs/node_modules/router/index.js:291:22\n    at param (/var/www/html/yaml-api-contato-nodejs/node_modules/router/index.js:368:14)\n    at param (/var/www/html/yaml-api-contato-nodejs/node_modules/router/index.js:379:14)\n    at Function.process_params (/var/www/html/yaml-api-contato-nodejs/node_modules/router/index.js:424:3)\n    at next (/var/www/html/yaml-api-contato-nodejs/node_modules/router/index.js:285:10)\n    at Function.handle (/var/www/html/yaml-api-contato-nodejs/node_modules/router/index.js:184:3)\n    at router (/var/www/html/yaml-api-contato-nodejs/node_modules/router/index.js:59:12)\n    at Layer.handle [as handle_request] (/var/www/html/yaml-api-contato-nodejs/node_modules/router/lib/layer.js:102:15)\n    at trim_prefix (/var/www/html/yaml-api-contato-nodejs/node_modules/router/index.js:330:13)\n    at /var/www/html/yaml-api-contato-nodejs/node_modules/router/index.js:294:7",
 "level": "error",
 "timestamp": "2019-11-04T21:02:59.121Z"
}
{
 "id": "f6a4dbb3-a001-4549-9f3d-7c123ee9b488",
 "name": "TypeError",
 "message": "console is not a function",
 "stack": "TypeError: console is not a function\n    at /var/www/html/yaml-api-contato-nodejs/src/routes/contatos.js:20:7\n    at Layer.handle [as handle_request] (/var/www/html/yaml-api-contato-nodejs/node_modules/router/lib/layer.js:102:15)\n    at next (/var/www/html/yaml-api-contato-nodejs/node_modules/router/lib/route.js:144:13)\n    at Route.dispatch (/var/www/html/yaml-api-contato-nodejs/node_modules/router/lib/route.js:109:3)\n    at handle (/var/www/html/yaml-api-contato-nodejs/node_modules/router/index.js:515:11)\n    at Layer.handle [as handle_request] (/var/www/html/yaml-api-contato-nodejs/node_modules/router/lib/layer.js:102:15)\n    at /var/www/html/yaml-api-contato-nodejs/node_modules/router/index.js:291:22\n    at param (/var/www/html/yaml-api-contato-nodejs/node_modules/router/index.js:368:14)\n    at param (/var/www/html/yaml-api-contato-nodejs/node_modules/router/index.js:379:14)\n    at Function.process_params (/var/www/html/yaml-api-contato-nodejs/node_modules/router/index.js:424:3)\n    at next (/var/www/html/yaml-api-contato-nodejs/node_modules/router/index.js:285:10)\n    at Function.handle (/var/www/html/yaml-api-contato-nodejs/node_modules/router/index.js:184:3)\n    at router (/var/www/html/yaml-api-contato-nodejs/node_modules/router/index.js:59:12)\n    at Layer.handle [as handle_request] (/var/www/html/yaml-api-contato-nodejs/node_modules/router/lib/layer.js:102:15)\n    at trim_prefix (/var/www/html/yaml-api-contato-nodejs/node_modules/router/index.js:330:13)\n    at /var/www/html/yaml-api-contato-nodejs/node_modules/router/index.js:294:7",
 "level": "error",
 "timestamp": "2019-11-04T21:03:59.264Z"
}
{
 "id": "42df8ff3-0e0a-461a-af74-bf543a822f5c",
 "name": "TypeError",
 "message": "console is not a function",
 "stack": "TypeError: console is not a function\n    at /var/www/html/yaml-api-contato-nodejs/src/routes/contatos.js:20:7\n    at Layer.handle [as handle_request] (/var/www/html/yaml-api-contato-nodejs/node_modules/router/lib/layer.js:102:15)\n    at next (/var/www/html/yaml-api-contato-nodejs/node_modules/router/lib/route.js:144:13)\n    at Route.dispatch (/var/www/html/yaml-api-contato-nodejs/node_modules/router/lib/route.js:109:3)\n    at handle (/var/www/html/yaml-api-contato-nodejs/node_modules/router/index.js:515:11)\n    at Layer.handle [as handle_request] (/var/www/html/yaml-api-contato-nodejs/node_modules/router/lib/layer.js:102:15)\n    at /var/www/html/yaml-api-contato-nodejs/node_modules/router/index.js:291:22\n    at param (/var/www/html/yaml-api-contato-nodejs/node_modules/router/index.js:368:14)\n    at param (/var/www/html/yaml-api-contato-nodejs/node_modules/router/index.js:379:14)\n    at Function.process_params (/var/www/html/yaml-api-contato-nodejs/node_modules/router/index.js:424:3)\n    at next (/var/www/html/yaml-api-contato-nodejs/node_modules/router/index.js:285:10)\n    at Function.handle (/var/www/html/yaml-api-contato-nodejs/node_modules/router/index.js:184:3)\n    at router (/var/www/html/yaml-api-contato-nodejs/node_modules/router/index.js:59:12)\n    at Layer.handle [as handle_request] (/var/www/html/yaml-api-contato-nodejs/node_modules/router/lib/layer.js:102:15)\n    at trim_prefix (/var/www/html/yaml-api-contato-nodejs/node_modules/router/index.js:330:13)\n    at /var/www/html/yaml-api-contato-nodejs/node_modules/router/index.js:294:7",
 "level": "error",
 "timestamp": "2019-11-04T21:04:20.383Z"
}
{
 "id": "673f8f10-4823-4f62-8bf0-60c3ee6a5213",
 "name": "ReferenceError",
 "message": "id is not defined",
 "stack": "ReferenceError: id is not defined\n    at /var/www/html/yaml-api-contato-nodejs/src/routes/contatos.js:20:19\n    at Layer.handle [as handle_request] (/var/www/html/yaml-api-contato-nodejs/node_modules/router/lib/layer.js:102:15)\n    at next (/var/www/html/yaml-api-contato-nodejs/node_modules/router/lib/route.js:144:13)\n    at Route.dispatch (/var/www/html/yaml-api-contato-nodejs/node_modules/router/lib/route.js:109:3)\n    at handle (/var/www/html/yaml-api-contato-nodejs/node_modules/router/index.js:515:11)\n    at Layer.handle [as handle_request] (/var/www/html/yaml-api-contato-nodejs/node_modules/router/lib/layer.js:102:15)\n    at /var/www/html/yaml-api-contato-nodejs/node_modules/router/index.js:291:22\n    at param (/var/www/html/yaml-api-contato-nodejs/node_modules/router/index.js:368:14)\n    at param (/var/www/html/yaml-api-contato-nodejs/node_modules/router/index.js:379:14)\n    at Function.process_params (/var/www/html/yaml-api-contato-nodejs/node_modules/router/index.js:424:3)\n    at next (/var/www/html/yaml-api-contato-nodejs/node_modules/router/index.js:285:10)\n    at Function.handle (/var/www/html/yaml-api-contato-nodejs/node_modules/router/index.js:184:3)\n    at router (/var/www/html/yaml-api-contato-nodejs/node_modules/router/index.js:59:12)\n    at Layer.handle [as handle_request] (/var/www/html/yaml-api-contato-nodejs/node_modules/router/lib/layer.js:102:15)\n    at trim_prefix (/var/www/html/yaml-api-contato-nodejs/node_modules/router/index.js:330:13)\n    at /var/www/html/yaml-api-contato-nodejs/node_modules/router/index.js:294:7",
 "level": "error",
 "timestamp": "2019-11-04T21:05:33.779Z"
}
{
 "id": "c3c4f2d4-9bd9-4065-b404-c53373a89a5b",
 "name": "Error",
 "message": "Cannot set headers after they are sent to the client",
 "stack": "Error [ERR_HTTP_HEADERS_SENT]: Cannot set headers after they are sent to the client\n    at ServerResponse.setHeader (_http_outgoing.js:485:11)\n    at ServerResponse.header (/var/www/html/yaml-api-contato-nodejs/node_modules/express/lib/response.js:639:10)\n    at ServerResponse.json (/var/www/html/yaml-api-contato-nodejs/node_modules/express/lib/response.js:223:10)\n    at /var/www/html/yaml-api-contato-nodejs/src/routes/contatos.js:38:34\n    at tryCatcher (/var/www/html/yaml-api-contato-nodejs/node_modules/bluebird/js/release/util.js:16:23)\n    at Promise._settlePromiseFromHandler (/var/www/html/yaml-api-contato-nodejs/node_modules/bluebird/js/release/promise.js:517:31)\n    at Promise._settlePromise (/var/www/html/yaml-api-contato-nodejs/node_modules/bluebird/js/release/promise.js:574:18)\n    at Promise._settlePromise0 (/var/www/html/yaml-api-contato-nodejs/node_modules/bluebird/js/release/promise.js:619:10)\n    at Promise._settlePromises (/var/www/html/yaml-api-contato-nodejs/node_modules/bluebird/js/release/promise.js:699:18)\n    at _drainQueueStep (/var/www/html/yaml-api-contato-nodejs/node_modules/bluebird/js/release/async.js:138:12)\n    at _drainQueue (/var/www/html/yaml-api-contato-nodejs/node_modules/bluebird/js/release/async.js:131:9)\n    at Async._drainQueues (/var/www/html/yaml-api-contato-nodejs/node_modules/bluebird/js/release/async.js:147:5)\n    at Immediate.Async.drainQueues [as _onImmediate] (/var/www/html/yaml-api-contato-nodejs/node_modules/bluebird/js/release/async.js:17:14)\n    at processImmediate (internal/timers.js:439:21)",
 "level": "error",
 "timestamp": "2019-11-04T21:24:51.824Z"
}
{
 "id": "4f0dd1c4-9eb2-4ec9-916b-813abee11feb",
 "name": "Error",
 "message": "Cannot set headers after they are sent to the client",
 "stack": "Error [ERR_HTTP_HEADERS_SENT]: Cannot set headers after they are sent to the client\n    at ServerResponse.setHeader (_http_outgoing.js:485:11)\n    at ServerResponse.header (/var/www/html/yaml-api-contato-nodejs/node_modules/express/lib/response.js:639:10)\n    at ServerResponse.json (/var/www/html/yaml-api-contato-nodejs/node_modules/express/lib/response.js:223:10)\n    at /var/www/html/yaml-api-contato-nodejs/src/routes/contatos.js:38:34\n    at tryCatcher (/var/www/html/yaml-api-contato-nodejs/node_modules/bluebird/js/release/util.js:16:23)\n    at Promise._settlePromiseFromHandler (/var/www/html/yaml-api-contato-nodejs/node_modules/bluebird/js/release/promise.js:517:31)\n    at Promise._settlePromise (/var/www/html/yaml-api-contato-nodejs/node_modules/bluebird/js/release/promise.js:574:18)\n    at Promise._settlePromise0 (/var/www/html/yaml-api-contato-nodejs/node_modules/bluebird/js/release/promise.js:619:10)\n    at Promise._settlePromises (/var/www/html/yaml-api-contato-nodejs/node_modules/bluebird/js/release/promise.js:699:18)\n    at _drainQueueStep (/var/www/html/yaml-api-contato-nodejs/node_modules/bluebird/js/release/async.js:138:12)\n    at _drainQueue (/var/www/html/yaml-api-contato-nodejs/node_modules/bluebird/js/release/async.js:131:9)\n    at Async._drainQueues (/var/www/html/yaml-api-contato-nodejs/node_modules/bluebird/js/release/async.js:147:5)\n    at Immediate.Async.drainQueues [as _onImmediate] (/var/www/html/yaml-api-contato-nodejs/node_modules/bluebird/js/release/async.js:17:14)\n    at processImmediate (internal/timers.js:439:21)",
 "level": "error",
 "timestamp": "2019-11-04T21:24:59.074Z"
}
{
 "id": "bd5b7146-5922-4b4d-8636-7af46b74dd15",
 "name": "Error",
 "message": "Cannot remove headers after they are sent to the client",
 "stack": "Error [ERR_HTTP_HEADERS_SENT]: Cannot remove headers after they are sent to the client\n    at ServerResponse.removeHeader (_http_outgoing.js:543:11)\n    at ServerResponse.send (/var/www/html/yaml-api-contato-nodejs/node_modules/express/lib/response.js:184:10)\n    at /var/www/html/yaml-api-contato-nodejs/src/routes/contatos.js:36:35\n    at tryCatcher (/var/www/html/yaml-api-contato-nodejs/node_modules/bluebird/js/release/util.js:16:23)\n    at Promise._settlePromiseFromHandler (/var/www/html/yaml-api-contato-nodejs/node_modules/bluebird/js/release/promise.js:517:31)\n    at Promise._settlePromise (/var/www/html/yaml-api-contato-nodejs/node_modules/bluebird/js/release/promise.js:574:18)\n    at Promise._settlePromise0 (/var/www/html/yaml-api-contato-nodejs/node_modules/bluebird/js/release/promise.js:619:10)\n    at Promise._settlePromises (/var/www/html/yaml-api-contato-nodejs/node_modules/bluebird/js/release/promise.js:699:18)\n    at _drainQueueStep (/var/www/html/yaml-api-contato-nodejs/node_modules/bluebird/js/release/async.js:138:12)\n    at _drainQueue (/var/www/html/yaml-api-contato-nodejs/node_modules/bluebird/js/release/async.js:131:9)\n    at Async._drainQueues (/var/www/html/yaml-api-contato-nodejs/node_modules/bluebird/js/release/async.js:147:5)\n    at Immediate.Async.drainQueues [as _onImmediate] (/var/www/html/yaml-api-contato-nodejs/node_modules/bluebird/js/release/async.js:17:14)\n    at processImmediate (internal/timers.js:439:21)",
 "level": "error",
 "timestamp": "2019-11-04T21:25:32.668Z"
}
{
 "id": "21d9deaa-2623-4489-aa16-959c661f6370",
 "name": "Error",
 "message": "Cannot set headers after they are sent to the client",
 "stack": "Error [ERR_HTTP_HEADERS_SENT]: Cannot set headers after they are sent to the client\n    at ServerResponse.setHeader (_http_outgoing.js:485:11)\n    at ServerResponse.header (/var/www/html/yaml-api-contato-nodejs/node_modules/express/lib/response.js:639:10)\n    at ServerResponse.json (/var/www/html/yaml-api-contato-nodejs/node_modules/express/lib/response.js:223:10)\n    at /var/www/html/yaml-api-contato-nodejs/src/routes/contatos.js:36:42\n    at tryCatcher (/var/www/html/yaml-api-contato-nodejs/node_modules/bluebird/js/release/util.js:16:23)\n    at Promise._settlePromiseFromHandler (/var/www/html/yaml-api-contato-nodejs/node_modules/bluebird/js/release/promise.js:517:31)\n    at Promise._settlePromise (/var/www/html/yaml-api-contato-nodejs/node_modules/bluebird/js/release/promise.js:574:18)\n    at Promise._settlePromise0 (/var/www/html/yaml-api-contato-nodejs/node_modules/bluebird/js/release/promise.js:619:10)\n    at Promise._settlePromises (/var/www/html/yaml-api-contato-nodejs/node_modules/bluebird/js/release/promise.js:699:18)\n    at _drainQueueStep (/var/www/html/yaml-api-contato-nodejs/node_modules/bluebird/js/release/async.js:138:12)\n    at _drainQueue (/var/www/html/yaml-api-contato-nodejs/node_modules/bluebird/js/release/async.js:131:9)\n    at Async._drainQueues (/var/www/html/yaml-api-contato-nodejs/node_modules/bluebird/js/release/async.js:147:5)\n    at Immediate.Async.drainQueues [as _onImmediate] (/var/www/html/yaml-api-contato-nodejs/node_modules/bluebird/js/release/async.js:17:14)\n    at processImmediate (internal/timers.js:439:21)",
 "level": "error",
 "timestamp": "2019-11-04T21:26:06.069Z"
}
